<?xml version="1.0" encoding="UTF-8"?>
<!-- Generated by org.testng.reporters.JUnitReportReporter -->
<testsuite hostname="Mayur_shruti" failures="0" tests="1" name="IntigrationTestCase.TolunchLorealparis" time="12.099" errors="0" timestamp="2024-03-20T17:10:39 IST" skipped="0">
  <testcase classname="IntigrationTestCase.TolunchLorealparis" name="lorealparis" time="12.099"/>
  <system-out/>
</testsuite> <!-- IntigrationTestCase.TolunchLorealparis -->
