<?xml version="1.0" encoding="UTF-8"?>
<!-- Generated by org.testng.reporters.JUnitReportReporter -->
<testsuite hostname="Mayur_shruti" failures="0" tests="1" name="smokeTestCase.Tc_Demo_001" time="14.140" errors="0" timestamp="2024-03-20T17:03:25 IST" skipped="0">
  <testcase classname="smokeTestCase.Tc_Demo_001" name="demowebshop" time="14.140"/>
  <system-out/>
</testsuite> <!-- smokeTestCase.Tc_Demo_001 -->
